  [1m[35m (0.0ms)[0m  [1m[34mSELECT sqlite_version(*)[0m
  [1m[35m (268.5ms)[0m  [1m[35mCREATE TABLE "schema_migrations" ("version" varchar NOT NULL PRIMARY KEY)[0m
  [1m[35m (143.4ms)[0m  [1m[35mCREATE TABLE "ar_internal_metadata" ("key" varchar NOT NULL PRIMARY KEY, "value" varchar, "created_at" datetime NOT NULL, "updated_at" datetime NOT NULL)[0m
  [1m[36mActiveRecord::InternalMetadata Load (0.0ms)[0m  [1m[34mSELECT  "ar_internal_metadata".* FROM "ar_internal_metadata" WHERE "ar_internal_metadata"."key" = ? LIMIT ?[0m  [["key", "environment"], ["LIMIT", 1]]
  [1m[35m (0.0ms)[0m  [1m[36mbegin transaction[0m
  [1m[35mSQL (0.0ms)[0m  [1m[32mINSERT INTO "ar_internal_metadata" ("key", "value", "created_at", "updated_at") VALUES (?, ?, ?, ?)[0m  [["key", "environment"], ["value", "development"], ["created_at", "2018-03-25 15:14:16.852831"], ["updated_at", "2018-03-25 15:14:16.852831"]]
  [1m[35m (125.0ms)[0m  [1m[36mcommit transaction[0m
  [1m[35m (0.0ms)[0m  [1m[34mSELECT "schema_migrations"."version" FROM "schema_migrations" ORDER BY "schema_migrations"."version" ASC[0m
Started GET "/" for 127.0.0.1 at 2018-03-26 00:20:59 +0900
  
SyntaxError (C:/Users/mth_h/environmentest/sample_app/app/controllers/application_controller.rb:6: syntax error, unexpected end-of-input, expecting keyword_end):
  
app/controllers/application_controller.rb:6: syntax error, unexpected end-of-input, expecting keyword_end
Started POST "/__web_console/repl_sessions/abab58ef872b5e436168f16d4ee90812/trace" for 127.0.0.1 at 2018-03-26 00:21:34 +0900
Started GET "/" for 127.0.0.1 at 2018-03-26 00:21:34 +0900
Processing by ApplicationController#hello as HTML
  Rendering html template
  Rendered html template (0.0ms)
Completed 200 OK in 220ms (Views: 6.2ms)


Started GET "/static_pages/home" for 127.0.0.1 at 2018-03-26 00:21:51 +0900
Processing by StaticPagesController#home as HTML
  Rendering static_pages/home.html.erb within layouts/application
  Rendered static_pages/home.html.erb within layouts/application (1.0ms)
Completed 200 OK in 1590ms (Views: 1577.6ms)


Started GET "/static_pages/home" for 127.0.0.1 at 2018-03-26 00:27:27 +0900
Processing by StaticPagesController#home as HTML
  Rendering static_pages/home.html.erb within layouts/application
  Rendered static_pages/home.html.erb within layouts/application (2.0ms)
Completed 200 OK in 422ms (Views: 199.7ms)


Started GET "/static_pages/help" for 127.0.0.1 at 2018-03-26 00:27:50 +0900
Processing by StaticPagesController#help as HTML
  Rendering static_pages/help.html.erb within layouts/application
  Rendered static_pages/help.html.erb within layouts/application (1.0ms)
Completed 200 OK in 96ms (Views: 75.2ms)


Started GET "/static_pages/help" for 127.0.0.1 at 2018-03-26 00:45:35 +0900
Processing by StaticPagesController#help as HTML
  Rendering static_pages/help.html.erb
  Rendered static_pages/help.html.erb (1.0ms)
Completed 200 OK in 264ms (Views: 44.4ms)


Started GET "/static_pages/home" for 127.0.0.1 at 2018-03-26 00:45:44 +0900
Processing by StaticPagesController#home as HTML
  Rendering static_pages/home.html.erb
  Rendered static_pages/home.html.erb (1.0ms)
Completed 200 OK in 55ms (Views: 39.9ms)


Started GET "/static_pages/home" for 127.0.0.1 at 2018-03-26 00:54:44 +0900
Processing by StaticPagesController#home as HTML
  Rendering static_pages/home.html.erb within layouts/application
  Rendered static_pages/home.html.erb within layouts/application (2.0ms)
Completed 200 OK in 451ms (Views: 231.8ms)


Started GET "/static_pages/home" for 127.0.0.1 at 2018-03-26 00:54:48 +0900
Processing by StaticPagesController#home as HTML
  Rendering static_pages/home.html.erb within layouts/application
  Rendered static_pages/home.html.erb within layouts/application (0.0ms)
Completed 200 OK in 98ms (Views: 84.8ms)


Started GET "/static_pages/home" for 127.0.0.1 at 2018-03-26 00:54:52 +0900
Processing by StaticPagesController#home as HTML
  Rendering static_pages/home.html.erb within layouts/application
  Rendered static_pages/home.html.erb within layouts/application (1.0ms)
Completed 200 OK in 82ms (Views: 68.0ms)


Started GET "/static_pages/home" for 127.0.0.1 at 2018-03-26 00:54:55 +0900
Processing by StaticPagesController#home as HTML
  Rendering static_pages/home.html.erb within layouts/application
  Rendered static_pages/home.html.erb within layouts/application (1.0ms)
Completed 200 OK in 94ms (Views: 79.6ms)


Started GET "/static_pages/contact" for 127.0.0.1 at 2018-03-26 00:58:35 +0900
Processing by StaticPagesController#contact as HTML
  Rendering static_pages/contact.html.erb within layouts/application
  Rendered static_pages/contact.html.erb within layouts/application (2.0ms)
Completed 200 OK in 94ms (Views: 77.3ms)


Started GET "/" for 127.0.0.1 at 2018-03-26 01:04:11 +0900
Processing by StaticPagesController#home as HTML
  Rendering static_pages/home.html.erb within layouts/application
  Rendered static_pages/home.html.erb within layouts/application (0.0ms)
Completed 200 OK in 69ms (Views: 57.6ms)


Started GET "/" for 127.0.0.1 at 2018-03-26 01:06:34 +0900
Processing by StaticPagesController#home as HTML
  Rendering static_pages/home.html.erb within layouts/application
  Rendered static_pages/home.html.erb within layouts/application (0.0ms)
Completed 200 OK in 113ms (Views: 85.4ms)


Started GET "/" for 127.0.0.1 at 2018-03-26 01:12:21 +0900
Processing by StaticPagesController#home as HTML
  Rendering static_pages/home.html.erb within layouts/application
  Rendered static_pages/home.html.erb within layouts/application (0.0ms)
Completed 200 OK in 75ms (Views: 63.3ms)


Started GET "/home" for 127.0.0.1 at 2018-03-26 01:30:10 +0900
  
ActionController::RoutingError (No route matches [GET] "/home"):
  
actionpack (5.1.5) lib/action_dispatch/middleware/debug_exceptions.rb:63:in `call'
web-console (3.5.1) lib/web_console/middleware.rb:135:in `call_app'
web-console (3.5.1) lib/web_console/middleware.rb:28:in `block in call'
web-console (3.5.1) lib/web_console/middleware.rb:18:in `catch'
web-console (3.5.1) lib/web_console/middleware.rb:18:in `call'
actionpack (5.1.5) lib/action_dispatch/middleware/show_exceptions.rb:31:in `call'
railties (5.1.5) lib/rails/rack/logger.rb:36:in `call_app'
railties (5.1.5) lib/rails/rack/logger.rb:24:in `block in call'
activesupport (5.1.5) lib/active_support/tagged_logging.rb:69:in `block in tagged'
activesupport (5.1.5) lib/active_support/tagged_logging.rb:26:in `tagged'
activesupport (5.1.5) lib/active_support/tagged_logging.rb:69:in `tagged'
railties (5.1.5) lib/rails/rack/logger.rb:24:in `call'
sprockets-rails (3.2.1) lib/sprockets/rails/quiet_assets.rb:13:in `call'
actionpack (5.1.5) lib/action_dispatch/middleware/remote_ip.rb:79:in `call'
actionpack (5.1.5) lib/action_dispatch/middleware/request_id.rb:25:in `call'
rack (2.0.4) lib/rack/method_override.rb:22:in `call'
rack (2.0.4) lib/rack/runtime.rb:22:in `call'
activesupport (5.1.5) lib/active_support/cache/strategy/local_cache_middleware.rb:27:in `call'
actionpack (5.1.5) lib/action_dispatch/middleware/executor.rb:12:in `call'
actionpack (5.1.5) lib/action_dispatch/middleware/static.rb:125:in `call'
rack (2.0.4) lib/rack/sendfile.rb:111:in `call'
railties (5.1.5) lib/rails/engine.rb:522:in `call'
puma (3.11.3) lib/puma/configuration.rb:225:in `call'
puma (3.11.3) lib/puma/server.rb:624:in `handle_request'
puma (3.11.3) lib/puma/server.rb:438:in `process_client'
puma (3.11.3) lib/puma/server.rb:302:in `block in run'
puma (3.11.3) lib/puma/thread_pool.rb:120:in `block in spawn_thread'
Started GET "/home" for 127.0.0.1 at 2018-03-26 01:31:09 +0900
  
ActionController::RoutingError (No route matches [GET] "/home"):
  
actionpack (5.1.5) lib/action_dispatch/middleware/debug_exceptions.rb:63:in `call'
web-console (3.5.1) lib/web_console/middleware.rb:135:in `call_app'
web-console (3.5.1) lib/web_console/middleware.rb:28:in `block in call'
web-console (3.5.1) lib/web_console/middleware.rb:18:in `catch'
web-console (3.5.1) lib/web_console/middleware.rb:18:in `call'
actionpack (5.1.5) lib/action_dispatch/middleware/show_exceptions.rb:31:in `call'
railties (5.1.5) lib/rails/rack/logger.rb:36:in `call_app'
railties (5.1.5) lib/rails/rack/logger.rb:24:in `block in call'
activesupport (5.1.5) lib/active_support/tagged_logging.rb:69:in `block in tagged'
activesupport (5.1.5) lib/active_support/tagged_logging.rb:26:in `tagged'
activesupport (5.1.5) lib/active_support/tagged_logging.rb:69:in `tagged'
railties (5.1.5) lib/rails/rack/logger.rb:24:in `call'
sprockets-rails (3.2.1) lib/sprockets/rails/quiet_assets.rb:13:in `call'
actionpack (5.1.5) lib/action_dispatch/middleware/remote_ip.rb:79:in `call'
actionpack (5.1.5) lib/action_dispatch/middleware/request_id.rb:25:in `call'
rack (2.0.4) lib/rack/method_override.rb:22:in `call'
rack (2.0.4) lib/rack/runtime.rb:22:in `call'
activesupport (5.1.5) lib/active_support/cache/strategy/local_cache_middleware.rb:27:in `call'
actionpack (5.1.5) lib/action_dispatch/middleware/executor.rb:12:in `call'
actionpack (5.1.5) lib/action_dispatch/middleware/static.rb:125:in `call'
rack (2.0.4) lib/rack/sendfile.rb:111:in `call'
railties (5.1.5) lib/rails/engine.rb:522:in `call'
puma (3.11.3) lib/puma/configuration.rb:225:in `call'
puma (3.11.3) lib/puma/server.rb:624:in `handle_request'
puma (3.11.3) lib/puma/server.rb:438:in `process_client'
puma (3.11.3) lib/puma/server.rb:302:in `block in run'
puma (3.11.3) lib/puma/thread_pool.rb:120:in `block in spawn_thread'
Started GET "/" for 127.0.0.1 at 2018-03-26 01:31:33 +0900
Processing by StaticPagesController#home as HTML
  Rendering static_pages/home.html.erb within layouts/application
  Rendered static_pages/home.html.erb within layouts/application (0.0ms)
Completed 200 OK in 423ms (Views: 207.0ms)


Started GET "/help" for 127.0.0.1 at 2018-03-26 01:31:50 +0900
  
ActionController::RoutingError (No route matches [GET] "/help"):
  
actionpack (5.1.5) lib/action_dispatch/middleware/debug_exceptions.rb:63:in `call'
web-console (3.5.1) lib/web_console/middleware.rb:135:in `call_app'
web-console (3.5.1) lib/web_console/middleware.rb:28:in `block in call'
web-console (3.5.1) lib/web_console/middleware.rb:18:in `catch'
web-console (3.5.1) lib/web_console/middleware.rb:18:in `call'
actionpack (5.1.5) lib/action_dispatch/middleware/show_exceptions.rb:31:in `call'
railties (5.1.5) lib/rails/rack/logger.rb:36:in `call_app'
railties (5.1.5) lib/rails/rack/logger.rb:24:in `block in call'
activesupport (5.1.5) lib/active_support/tagged_logging.rb:69:in `block in tagged'
activesupport (5.1.5) lib/active_support/tagged_logging.rb:26:in `tagged'
activesupport (5.1.5) lib/active_support/tagged_logging.rb:69:in `tagged'
railties (5.1.5) lib/rails/rack/logger.rb:24:in `call'
sprockets-rails (3.2.1) lib/sprockets/rails/quiet_assets.rb:13:in `call'
actionpack (5.1.5) lib/action_dispatch/middleware/remote_ip.rb:79:in `call'
actionpack (5.1.5) lib/action_dispatch/middleware/request_id.rb:25:in `call'
rack (2.0.4) lib/rack/method_override.rb:22:in `call'
rack (2.0.4) lib/rack/runtime.rb:22:in `call'
activesupport (5.1.5) lib/active_support/cache/strategy/local_cache_middleware.rb:27:in `call'
actionpack (5.1.5) lib/action_dispatch/middleware/executor.rb:12:in `call'
actionpack (5.1.5) lib/action_dispatch/middleware/static.rb:125:in `call'
rack (2.0.4) lib/rack/sendfile.rb:111:in `call'
railties (5.1.5) lib/rails/engine.rb:522:in `call'
puma (3.11.3) lib/puma/configuration.rb:225:in `call'
puma (3.11.3) lib/puma/server.rb:624:in `handle_request'
puma (3.11.3) lib/puma/server.rb:438:in `process_client'
puma (3.11.3) lib/puma/server.rb:302:in `block in run'
puma (3.11.3) lib/puma/thread_pool.rb:120:in `block in spawn_thread'
Started GET "/contact" for 127.0.0.1 at 2018-03-26 01:33:03 +0900
  
ActionController::RoutingError (No route matches [GET] "/contact"):
  
actionpack (5.1.5) lib/action_dispatch/middleware/debug_exceptions.rb:63:in `call'
web-console (3.5.1) lib/web_console/middleware.rb:135:in `call_app'
web-console (3.5.1) lib/web_console/middleware.rb:28:in `block in call'
web-console (3.5.1) lib/web_console/middleware.rb:18:in `catch'
web-console (3.5.1) lib/web_console/middleware.rb:18:in `call'
actionpack (5.1.5) lib/action_dispatch/middleware/show_exceptions.rb:31:in `call'
railties (5.1.5) lib/rails/rack/logger.rb:36:in `call_app'
railties (5.1.5) lib/rails/rack/logger.rb:24:in `block in call'
activesupport (5.1.5) lib/active_support/tagged_logging.rb:69:in `block in tagged'
activesupport (5.1.5) lib/active_support/tagged_logging.rb:26:in `tagged'
activesupport (5.1.5) lib/active_support/tagged_logging.rb:69:in `tagged'
railties (5.1.5) lib/rails/rack/logger.rb:24:in `call'
sprockets-rails (3.2.1) lib/sprockets/rails/quiet_assets.rb:13:in `call'
actionpack (5.1.5) lib/action_dispatch/middleware/remote_ip.rb:79:in `call'
actionpack (5.1.5) lib/action_dispatch/middleware/request_id.rb:25:in `call'
rack (2.0.4) lib/rack/method_override.rb:22:in `call'
rack (2.0.4) lib/rack/runtime.rb:22:in `call'
activesupport (5.1.5) lib/active_support/cache/strategy/local_cache_middleware.rb:27:in `call'
actionpack (5.1.5) lib/action_dispatch/middleware/executor.rb:12:in `call'
actionpack (5.1.5) lib/action_dispatch/middleware/static.rb:125:in `call'
rack (2.0.4) lib/rack/sendfile.rb:111:in `call'
railties (5.1.5) lib/rails/engine.rb:522:in `call'
puma (3.11.3) lib/puma/configuration.rb:225:in `call'
puma (3.11.3) lib/puma/server.rb:624:in `handle_request'
puma (3.11.3) lib/puma/server.rb:438:in `process_client'
puma (3.11.3) lib/puma/server.rb:302:in `block in run'
puma (3.11.3) lib/puma/thread_pool.rb:120:in `block in spawn_thread'
Started GET "/contact" for 127.0.0.1 at 2018-03-26 01:33:30 +0900
  
ActionController::RoutingError (No route matches [GET] "/contact"):
  
actionpack (5.1.5) lib/action_dispatch/middleware/debug_exceptions.rb:63:in `call'
web-console (3.5.1) lib/web_console/middleware.rb:135:in `call_app'
web-console (3.5.1) lib/web_console/middleware.rb:28:in `block in call'
web-console (3.5.1) lib/web_console/middleware.rb:18:in `catch'
web-console (3.5.1) lib/web_console/middleware.rb:18:in `call'
actionpack (5.1.5) lib/action_dispatch/middleware/show_exceptions.rb:31:in `call'
railties (5.1.5) lib/rails/rack/logger.rb:36:in `call_app'
railties (5.1.5) lib/rails/rack/logger.rb:24:in `block in call'
activesupport (5.1.5) lib/active_support/tagged_logging.rb:69:in `block in tagged'
activesupport (5.1.5) lib/active_support/tagged_logging.rb:26:in `tagged'
activesupport (5.1.5) lib/active_support/tagged_logging.rb:69:in `tagged'
railties (5.1.5) lib/rails/rack/logger.rb:24:in `call'
sprockets-rails (3.2.1) lib/sprockets/rails/quiet_assets.rb:13:in `call'
actionpack (5.1.5) lib/action_dispatch/middleware/remote_ip.rb:79:in `call'
actionpack (5.1.5) lib/action_dispatch/middleware/request_id.rb:25:in `call'
rack (2.0.4) lib/rack/method_override.rb:22:in `call'
rack (2.0.4) lib/rack/runtime.rb:22:in `call'
activesupport (5.1.5) lib/active_support/cache/strategy/local_cache_middleware.rb:27:in `call'
actionpack (5.1.5) lib/action_dispatch/middleware/executor.rb:12:in `call'
actionpack (5.1.5) lib/action_dispatch/middleware/static.rb:125:in `call'
rack (2.0.4) lib/rack/sendfile.rb:111:in `call'
railties (5.1.5) lib/rails/engine.rb:522:in `call'
puma (3.11.3) lib/puma/configuration.rb:225:in `call'
puma (3.11.3) lib/puma/server.rb:624:in `handle_request'
puma (3.11.3) lib/puma/server.rb:438:in `process_client'
puma (3.11.3) lib/puma/server.rb:302:in `block in run'
puma (3.11.3) lib/puma/thread_pool.rb:120:in `block in spawn_thread'
Started GET "/" for 127.0.0.1 at 2018-03-26 01:34:58 +0900
Processing by StaticPagesController#home as HTML
  Rendering static_pages/home.html.erb within layouts/application
  Rendered static_pages/home.html.erb within layouts/application (0.0ms)
Completed 200 OK in 95ms (Views: 76.2ms)


Started GET "/" for 127.0.0.1 at 2018-03-26 01:38:30 +0900
Processing by StaticPagesController#home as HTML
  Rendering static_pages/home.html.erb within layouts/application
  Rendered static_pages/home.html.erb within layouts/application (1.0ms)
Completed 200 OK in 81ms (Views: 63.5ms)


Started GET "/home" for 127.0.0.1 at 2018-03-26 01:38:37 +0900
  
ActionController::RoutingError (No route matches [GET] "/home"):
  
actionpack (5.1.5) lib/action_dispatch/middleware/debug_exceptions.rb:63:in `call'
web-console (3.5.1) lib/web_console/middleware.rb:135:in `call_app'
web-console (3.5.1) lib/web_console/middleware.rb:28:in `block in call'
web-console (3.5.1) lib/web_console/middleware.rb:18:in `catch'
web-console (3.5.1) lib/web_console/middleware.rb:18:in `call'
actionpack (5.1.5) lib/action_dispatch/middleware/show_exceptions.rb:31:in `call'
railties (5.1.5) lib/rails/rack/logger.rb:36:in `call_app'
railties (5.1.5) lib/rails/rack/logger.rb:24:in `block in call'
activesupport (5.1.5) lib/active_support/tagged_logging.rb:69:in `block in tagged'
activesupport (5.1.5) lib/active_support/tagged_logging.rb:26:in `tagged'
activesupport (5.1.5) lib/active_support/tagged_logging.rb:69:in `tagged'
railties (5.1.5) lib/rails/rack/logger.rb:24:in `call'
sprockets-rails (3.2.1) lib/sprockets/rails/quiet_assets.rb:13:in `call'
actionpack (5.1.5) lib/action_dispatch/middleware/remote_ip.rb:79:in `call'
actionpack (5.1.5) lib/action_dispatch/middleware/request_id.rb:25:in `call'
rack (2.0.4) lib/rack/method_override.rb:22:in `call'
rack (2.0.4) lib/rack/runtime.rb:22:in `call'
activesupport (5.1.5) lib/active_support/cache/strategy/local_cache_middleware.rb:27:in `call'
actionpack (5.1.5) lib/action_dispatch/middleware/executor.rb:12:in `call'
actionpack (5.1.5) lib/action_dispatch/middleware/static.rb:125:in `call'
rack (2.0.4) lib/rack/sendfile.rb:111:in `call'
railties (5.1.5) lib/rails/engine.rb:522:in `call'
puma (3.11.3) lib/puma/configuration.rb:225:in `call'
puma (3.11.3) lib/puma/server.rb:624:in `handle_request'
puma (3.11.3) lib/puma/server.rb:438:in `process_client'
puma (3.11.3) lib/puma/server.rb:302:in `block in run'
puma (3.11.3) lib/puma/thread_pool.rb:120:in `block in spawn_thread'
Started GET "/home" for 127.0.0.1 at 2018-03-26 01:55:30 +0900
  
ActionController::RoutingError (No route matches [GET] "/home"):
  
actionpack (5.1.5) lib/action_dispatch/middleware/debug_exceptions.rb:63:in `call'
web-console (3.5.1) lib/web_console/middleware.rb:135:in `call_app'
web-console (3.5.1) lib/web_console/middleware.rb:28:in `block in call'
web-console (3.5.1) lib/web_console/middleware.rb:18:in `catch'
web-console (3.5.1) lib/web_console/middleware.rb:18:in `call'
actionpack (5.1.5) lib/action_dispatch/middleware/show_exceptions.rb:31:in `call'
railties (5.1.5) lib/rails/rack/logger.rb:36:in `call_app'
railties (5.1.5) lib/rails/rack/logger.rb:24:in `block in call'
activesupport (5.1.5) lib/active_support/tagged_logging.rb:69:in `block in tagged'
activesupport (5.1.5) lib/active_support/tagged_logging.rb:26:in `tagged'
activesupport (5.1.5) lib/active_support/tagged_logging.rb:69:in `tagged'
railties (5.1.5) lib/rails/rack/logger.rb:24:in `call'
sprockets-rails (3.2.1) lib/sprockets/rails/quiet_assets.rb:13:in `call'
actionpack (5.1.5) lib/action_dispatch/middleware/remote_ip.rb:79:in `call'
actionpack (5.1.5) lib/action_dispatch/middleware/request_id.rb:25:in `call'
rack (2.0.4) lib/rack/method_override.rb:22:in `call'
rack (2.0.4) lib/rack/runtime.rb:22:in `call'
activesupport (5.1.5) lib/active_support/cache/strategy/local_cache_middleware.rb:27:in `call'
actionpack (5.1.5) lib/action_dispatch/middleware/executor.rb:12:in `call'
actionpack (5.1.5) lib/action_dispatch/middleware/static.rb:125:in `call'
rack (2.0.4) lib/rack/sendfile.rb:111:in `call'
railties (5.1.5) lib/rails/engine.rb:522:in `call'
puma (3.11.3) lib/puma/configuration.rb:225:in `call'
puma (3.11.3) lib/puma/server.rb:624:in `handle_request'
puma (3.11.3) lib/puma/server.rb:438:in `process_client'
puma (3.11.3) lib/puma/server.rb:302:in `block in run'
puma (3.11.3) lib/puma/thread_pool.rb:120:in `block in spawn_thread'
Started GET "/" for 127.0.0.1 at 2018-03-26 01:56:19 +0900
Processing by StaticPagesController#home as HTML
  Rendering static_pages/home.html.erb within layouts/application
  Rendered static_pages/home.html.erb within layouts/application (0.0ms)
Completed 200 OK in 421ms (Views: 218.2ms)


Started GET "/" for 127.0.0.1 at 2018-03-26 01:58:03 +0900
Processing by StaticPagesController#home as HTML
  Rendering static_pages/home.html.erb within layouts/application
  Rendered static_pages/home.html.erb within layouts/application (1.0ms)
Completed 200 OK in 77ms (Views: 58.2ms)


Started GET "/home" for 127.0.0.1 at 2018-03-26 01:58:11 +0900
  
ActionController::RoutingError (No route matches [GET] "/home"):
  
actionpack (5.1.5) lib/action_dispatch/middleware/debug_exceptions.rb:63:in `call'
web-console (3.5.1) lib/web_console/middleware.rb:135:in `call_app'
web-console (3.5.1) lib/web_console/middleware.rb:28:in `block in call'
web-console (3.5.1) lib/web_console/middleware.rb:18:in `catch'
web-console (3.5.1) lib/web_console/middleware.rb:18:in `call'
actionpack (5.1.5) lib/action_dispatch/middleware/show_exceptions.rb:31:in `call'
railties (5.1.5) lib/rails/rack/logger.rb:36:in `call_app'
railties (5.1.5) lib/rails/rack/logger.rb:24:in `block in call'
activesupport (5.1.5) lib/active_support/tagged_logging.rb:69:in `block in tagged'
activesupport (5.1.5) lib/active_support/tagged_logging.rb:26:in `tagged'
activesupport (5.1.5) lib/active_support/tagged_logging.rb:69:in `tagged'
railties (5.1.5) lib/rails/rack/logger.rb:24:in `call'
sprockets-rails (3.2.1) lib/sprockets/rails/quiet_assets.rb:13:in `call'
actionpack (5.1.5) lib/action_dispatch/middleware/remote_ip.rb:79:in `call'
actionpack (5.1.5) lib/action_dispatch/middleware/request_id.rb:25:in `call'
rack (2.0.4) lib/rack/method_override.rb:22:in `call'
rack (2.0.4) lib/rack/runtime.rb:22:in `call'
activesupport (5.1.5) lib/active_support/cache/strategy/local_cache_middleware.rb:27:in `call'
actionpack (5.1.5) lib/action_dispatch/middleware/executor.rb:12:in `call'
actionpack (5.1.5) lib/action_dispatch/middleware/static.rb:125:in `call'
rack (2.0.4) lib/rack/sendfile.rb:111:in `call'
railties (5.1.5) lib/rails/engine.rb:522:in `call'
puma (3.11.3) lib/puma/configuration.rb:225:in `call'
puma (3.11.3) lib/puma/server.rb:624:in `handle_request'
puma (3.11.3) lib/puma/server.rb:438:in `process_client'
puma (3.11.3) lib/puma/server.rb:302:in `block in run'
puma (3.11.3) lib/puma/thread_pool.rb:120:in `block in spawn_thread'
Started GET "/about" for 127.0.0.1 at 2018-03-26 01:58:33 +0900
  
ActionController::RoutingError (No route matches [GET] "/about"):
  
actionpack (5.1.5) lib/action_dispatch/middleware/debug_exceptions.rb:63:in `call'
web-console (3.5.1) lib/web_console/middleware.rb:135:in `call_app'
web-console (3.5.1) lib/web_console/middleware.rb:28:in `block in call'
web-console (3.5.1) lib/web_console/middleware.rb:18:in `catch'
web-console (3.5.1) lib/web_console/middleware.rb:18:in `call'
actionpack (5.1.5) lib/action_dispatch/middleware/show_exceptions.rb:31:in `call'
railties (5.1.5) lib/rails/rack/logger.rb:36:in `call_app'
railties (5.1.5) lib/rails/rack/logger.rb:24:in `block in call'
activesupport (5.1.5) lib/active_support/tagged_logging.rb:69:in `block in tagged'
activesupport (5.1.5) lib/active_support/tagged_logging.rb:26:in `tagged'
activesupport (5.1.5) lib/active_support/tagged_logging.rb:69:in `tagged'
railties (5.1.5) lib/rails/rack/logger.rb:24:in `call'
sprockets-rails (3.2.1) lib/sprockets/rails/quiet_assets.rb:13:in `call'
actionpack (5.1.5) lib/action_dispatch/middleware/remote_ip.rb:79:in `call'
actionpack (5.1.5) lib/action_dispatch/middleware/request_id.rb:25:in `call'
rack (2.0.4) lib/rack/method_override.rb:22:in `call'
rack (2.0.4) lib/rack/runtime.rb:22:in `call'
activesupport (5.1.5) lib/active_support/cache/strategy/local_cache_middleware.rb:27:in `call'
actionpack (5.1.5) lib/action_dispatch/middleware/executor.rb:12:in `call'
actionpack (5.1.5) lib/action_dispatch/middleware/static.rb:125:in `call'
rack (2.0.4) lib/rack/sendfile.rb:111:in `call'
railties (5.1.5) lib/rails/engine.rb:522:in `call'
puma (3.11.3) lib/puma/configuration.rb:225:in `call'
puma (3.11.3) lib/puma/server.rb:624:in `handle_request'
puma (3.11.3) lib/puma/server.rb:438:in `process_client'
puma (3.11.3) lib/puma/server.rb:302:in `block in run'
puma (3.11.3) lib/puma/thread_pool.rb:120:in `block in spawn_thread'
Started GET "/about" for 127.0.0.1 at 2018-03-26 02:01:51 +0900
  
ActionController::RoutingError (No route matches [GET] "/about"):
  
actionpack (5.1.5) lib/action_dispatch/middleware/debug_exceptions.rb:63:in `call'
web-console (3.5.1) lib/web_console/middleware.rb:135:in `call_app'
web-console (3.5.1) lib/web_console/middleware.rb:28:in `block in call'
web-console (3.5.1) lib/web_console/middleware.rb:18:in `catch'
web-console (3.5.1) lib/web_console/middleware.rb:18:in `call'
actionpack (5.1.5) lib/action_dispatch/middleware/show_exceptions.rb:31:in `call'
railties (5.1.5) lib/rails/rack/logger.rb:36:in `call_app'
railties (5.1.5) lib/rails/rack/logger.rb:24:in `block in call'
activesupport (5.1.5) lib/active_support/tagged_logging.rb:69:in `block in tagged'
activesupport (5.1.5) lib/active_support/tagged_logging.rb:26:in `tagged'
activesupport (5.1.5) lib/active_support/tagged_logging.rb:69:in `tagged'
railties (5.1.5) lib/rails/rack/logger.rb:24:in `call'
sprockets-rails (3.2.1) lib/sprockets/rails/quiet_assets.rb:13:in `call'
actionpack (5.1.5) lib/action_dispatch/middleware/remote_ip.rb:79:in `call'
actionpack (5.1.5) lib/action_dispatch/middleware/request_id.rb:25:in `call'
rack (2.0.4) lib/rack/method_override.rb:22:in `call'
rack (2.0.4) lib/rack/runtime.rb:22:in `call'
activesupport (5.1.5) lib/active_support/cache/strategy/local_cache_middleware.rb:27:in `call'
actionpack (5.1.5) lib/action_dispatch/middleware/executor.rb:12:in `call'
actionpack (5.1.5) lib/action_dispatch/middleware/static.rb:125:in `call'
rack (2.0.4) lib/rack/sendfile.rb:111:in `call'
railties (5.1.5) lib/rails/engine.rb:522:in `call'
puma (3.11.3) lib/puma/configuration.rb:225:in `call'
puma (3.11.3) lib/puma/server.rb:624:in `handle_request'
puma (3.11.3) lib/puma/server.rb:438:in `process_client'
puma (3.11.3) lib/puma/server.rb:302:in `block in run'
puma (3.11.3) lib/puma/thread_pool.rb:120:in `block in spawn_thread'
Started GET "/about" for 127.0.0.1 at 2018-03-26 02:03:00 +0900
  
ActionController::RoutingError (No route matches [GET] "/about"):
  
actionpack (5.1.5) lib/action_dispatch/middleware/debug_exceptions.rb:63:in `call'
web-console (3.5.1) lib/web_console/middleware.rb:135:in `call_app'
web-console (3.5.1) lib/web_console/middleware.rb:28:in `block in call'
web-console (3.5.1) lib/web_console/middleware.rb:18:in `catch'
web-console (3.5.1) lib/web_console/middleware.rb:18:in `call'
actionpack (5.1.5) lib/action_dispatch/middleware/show_exceptions.rb:31:in `call'
railties (5.1.5) lib/rails/rack/logger.rb:36:in `call_app'
railties (5.1.5) lib/rails/rack/logger.rb:24:in `block in call'
activesupport (5.1.5) lib/active_support/tagged_logging.rb:69:in `block in tagged'
activesupport (5.1.5) lib/active_support/tagged_logging.rb:26:in `tagged'
activesupport (5.1.5) lib/active_support/tagged_logging.rb:69:in `tagged'
railties (5.1.5) lib/rails/rack/logger.rb:24:in `call'
sprockets-rails (3.2.1) lib/sprockets/rails/quiet_assets.rb:13:in `call'
actionpack (5.1.5) lib/action_dispatch/middleware/remote_ip.rb:79:in `call'
actionpack (5.1.5) lib/action_dispatch/middleware/request_id.rb:25:in `call'
rack (2.0.4) lib/rack/method_override.rb:22:in `call'
rack (2.0.4) lib/rack/runtime.rb:22:in `call'
activesupport (5.1.5) lib/active_support/cache/strategy/local_cache_middleware.rb:27:in `call'
actionpack (5.1.5) lib/action_dispatch/middleware/executor.rb:12:in `call'
actionpack (5.1.5) lib/action_dispatch/middleware/static.rb:125:in `call'
rack (2.0.4) lib/rack/sendfile.rb:111:in `call'
railties (5.1.5) lib/rails/engine.rb:522:in `call'
puma (3.11.3) lib/puma/configuration.rb:225:in `call'
puma (3.11.3) lib/puma/server.rb:624:in `handle_request'
puma (3.11.3) lib/puma/server.rb:438:in `process_client'
puma (3.11.3) lib/puma/server.rb:302:in `block in run'
puma (3.11.3) lib/puma/thread_pool.rb:120:in `block in spawn_thread'
Started PUT "/__web_console/repl_sessions/0cc5d43301fdb2abfb6afa5a5688bd45" for 127.0.0.1 at 2018-03-26 02:03:05 +0900
Started GET "/" for 127.0.0.1 at 2018-03-26 02:43:27 +0900
Processing by StaticPagesController#home as HTML
  Rendering static_pages/home.html.erb within layouts/application
  Rendered static_pages/home.html.erb within layouts/application (414.0ms)
Completed 200 OK in 744ms (Views: 529.0ms)


Started GET "/" for 127.0.0.1 at 2018-03-26 02:45:42 +0900
Processing by StaticPagesController#home as HTML
  Rendering static_pages/home.html.erb within layouts/application
  Rendered static_pages/home.html.erb within layouts/application (3.0ms)
Completed 200 OK in 88ms (Views: 77.9ms)


Started GET "/" for 127.0.0.1 at 2018-03-26 02:45:45 +0900
Processing by StaticPagesController#home as HTML
  Rendering static_pages/home.html.erb within layouts/application
  Rendered static_pages/home.html.erb within layouts/application (0.0ms)
Completed 200 OK in 75ms (Views: 67.8ms)


Started GET "/" for 127.0.0.1 at 2018-03-26 02:45:46 +0900
Processing by StaticPagesController#home as HTML
  Rendering static_pages/home.html.erb within layouts/application
  Rendered static_pages/home.html.erb within layouts/application (0.0ms)
Completed 200 OK in 119ms (Views: 106.9ms)


Started GET "/" for 127.0.0.1 at 2018-03-26 02:50:58 +0900
Processing by StaticPagesController#home as HTML
  Rendering static_pages/home.html.erb within layouts/application
Started GET "/" for 127.0.0.1 at 2018-03-26 02:51:00 +0900
Processing by StaticPagesController#home as HTML
  Rendering static_pages/home.html.erb within layouts/application
Started GET "/" for 127.0.0.1 at 2018-03-26 02:51:04 +0900
Processing by StaticPagesController#home as HTML
  Rendering static_pages/home.html.erb within layouts/application
  Rendered static_pages/home.html.erb within layouts/application (8965.3ms)
  Rendered static_pages/home.html.erb within layouts/application (11530.6ms)
Completed 200 OK in 9353ms (Views: 9336.4ms)


Completed 200 OK in 13175ms (Views: 12976.9ms)


  Rendered static_pages/home.html.erb within layouts/application (6791.2ms)
Completed 200 OK in 7019ms (Views: 6988.4ms)


Started GET "/" for 127.0.0.1 at 2018-03-26 02:52:03 +0900
Processing by StaticPagesController#home as HTML
  Rendering static_pages/home.html.erb within layouts/application
  Rendered static_pages/home.html.erb within layouts/application (3.0ms)
Completed 200 OK in 2924ms (Views: 2903.6ms)


Started GET "/" for 127.0.0.1 at 2018-03-26 02:53:43 +0900
Processing by StaticPagesController#home as HTML
  Rendering static_pages/home.html.erb within layouts/application
  Rendered static_pages/home.html.erb within layouts/application (4.0ms)
Completed 500 Internal Server Error in 1542ms


  
ActionView::Template::Error (Invalid CSS after ".": expected class name, was "."):
    3:   <head>
    4:     <title><%= full_title(yield(:title)) %></title>
    5:     <%= csrf_meta_tags %>
    6:     <%= stylesheet_link_tag    'application', media: 'all',
    7:                                'data-turbolinks-track': 'reload' %>
    8:     <%= javascript_include_tag 'application',
    9:                                'data-turbolinks-track': 'reload' %>
  
app/assets/stylesheets/custom.scss:3
app/views/layouts/application.html.erb:6:in `_app_views_layouts_application_html_erb__1232453805_155057400'
Started GET "/" for 127.0.0.1 at 2018-03-26 02:58:18 +0900
Processing by StaticPagesController#home as HTML
  Rendering static_pages/home.html.erb within layouts/application
  Rendered static_pages/home.html.erb within layouts/application (3.0ms)
Completed 500 Internal Server Error in 1436ms


  
ActionView::Template::Error (Invalid CSS after ".": expected class name, was "."):
    3:   <head>
    4:     <title><%= full_title(yield(:title)) %></title>
    5:     <%= csrf_meta_tags %>
    6:     <%= stylesheet_link_tag    'application', media: 'all',
    7:                                'data-turbolinks-track': 'reload' %>
    8:     <%= javascript_include_tag 'application',
    9:                                'data-turbolinks-track': 'reload' %>
  
app/assets/stylesheets/custom.scss:3
app/views/layouts/application.html.erb:6:in `_app_views_layouts_application_html_erb__1232453805_165548120'
Started GET "/" for 127.0.0.1 at 2018-03-26 02:58:33 +0900
Processing by StaticPagesController#home as HTML
  Rendering static_pages/home.html.erb within layouts/application
  Rendered static_pages/home.html.erb within layouts/application (3.0ms)
Completed 500 Internal Server Error in 139ms


  
ActionView::Template::Error (Missing partial layouts/_shim with {:locale=>[:en], :formats=>[:html], :variants=>[], :handlers=>[:raw, :erb, :html, :builder, :ruby, :coffee, :jbuilder]}. Searched in:
  * "C:/Users/mth_h/environmentest/sample_app/app/views"
):
     7:                                'data-turbolinks-track': 'reload' %>
     8:     <%= javascript_include_tag 'application',
     9:                                'data-turbolinks-track': 'reload' %>
    10:     <%= render 'layouts/shim' %>
    11:   </head>
    12:   <body>
    13:     <%= render 'layouts/header' %>
  
app/views/layouts/application.html.erb:10:in `_app_views_layouts_application_html_erb__1232453805_171149260'
Started GET "/" for 127.0.0.1 at 2018-03-26 03:01:39 +0900
Processing by StaticPagesController#home as HTML
  Rendering static_pages/home.html.erb within layouts/application
  Rendered static_pages/home.html.erb within layouts/application (3.0ms)
  Rendered layouts/_shim.html.erb (0.0ms)
  Rendered layouts/_header.html.erb (0.0ms)
Completed 200 OK in 135ms (Views: 116.6ms)


Started GET "/" for 127.0.0.1 at 2018-03-26 03:02:26 +0900
Processing by StaticPagesController#home as HTML
  Rendering static_pages/home.html.erb within layouts/application
  Rendered static_pages/home.html.erb within layouts/application (3.0ms)
Completed 500 Internal Server Error in 1424ms


  
ActionView::Template::Error (Invalid CSS after ".": expected class name, was "."):
    3:   <head>
    4:     <title><%= full_title(yield(:title)) %></title>
    5:     <%= csrf_meta_tags %>
    6:     <%= stylesheet_link_tag    'application', media: 'all',
    7:                                'data-turbolinks-track': 'reload' %>
    8:     <%= javascript_include_tag 'application',
    9:                                'data-turbolinks-track': 'reload' %>
  
app/assets/stylesheets/custom.scss:3
app/views/layouts/application.html.erb:6:in `_app_views_layouts_application_html_erb__1232453805_137067900'
Started GET "/" for 127.0.0.1 at 2018-03-26 03:03:01 +0900
Processing by StaticPagesController#home as HTML
  Rendering static_pages/home.html.erb within layouts/application
  Rendered static_pages/home.html.erb within layouts/application (3.0ms)
  Rendered layouts/_shim.html.erb (0.0ms)
  Rendered layouts/_header.html.erb (1.0ms)
Completed 200 OK in 3024ms (Views: 3006.0ms)


Started GET "/" for 127.0.0.1 at 2018-03-26 03:03:14 +0900
Processing by StaticPagesController#home as HTML
  Rendering static_pages/home.html.erb within layouts/application
  Rendered static_pages/home.html.erb within layouts/application (4.0ms)
  Rendered layouts/_shim.html.erb (0.0ms)
  Rendered layouts/_header.html.erb (1.0ms)
Completed 200 OK in 3091ms (Views: 3079.3ms)


Started GET "/" for 127.0.0.1 at 2018-03-26 03:03:24 +0900
Processing by StaticPagesController#home as HTML
  Rendering static_pages/home.html.erb within layouts/application
  Rendered static_pages/home.html.erb within layouts/application (3.0ms)
  Rendered layouts/_shim.html.erb (1.0ms)
  Rendered layouts/_header.html.erb (0.0ms)
Completed 200 OK in 136ms (Views: 124.2ms)


Started GET "/" for 127.0.0.1 at 2018-03-26 03:03:27 +0900
Processing by StaticPagesController#home as HTML
  Rendering static_pages/home.html.erb within layouts/application
  Rendered static_pages/home.html.erb within layouts/application (2.0ms)
  Rendered layouts/_shim.html.erb (0.0ms)
  Rendered layouts/_header.html.erb (1.0ms)
Completed 200 OK in 127ms (Views: 114.6ms)


Started GET "/" for 127.0.0.1 at 2018-03-26 03:03:37 +0900
Processing by StaticPagesController#home as HTML
  Rendering static_pages/home.html.erb within layouts/application
  Rendered static_pages/home.html.erb within layouts/application (4.0ms)
  Rendered layouts/_shim.html.erb (0.0ms)
  Rendered layouts/_header.html.erb (0.0ms)
Completed 200 OK in 3015ms (Views: 3001.4ms)


Started GET "/" for 127.0.0.1 at 2018-03-26 03:04:31 +0900
Processing by StaticPagesController#home as HTML
  Rendering static_pages/home.html.erb within layouts/application
  Rendered static_pages/home.html.erb within layouts/application (3.0ms)
  Rendered layouts/_shim.html.erb (0.0ms)
  Rendered layouts/_header.html.erb (0.0ms)
Completed 200 OK in 3028ms (Views: 3010.8ms)


Started GET "/" for 127.0.0.1 at 2018-03-26 03:08:04 +0900
Processing by StaticPagesController#home as HTML
  Rendering static_pages/home.html.erb within layouts/application
  Rendered static_pages/home.html.erb within layouts/application (3.0ms)
  Rendered layouts/_shim.html.erb (0.0ms)
  Rendered layouts/_header.html.erb (0.0ms)
  Rendered layouts/_footer.html.erb (0.0ms)
Completed 200 OK in 3032ms (Views: 3012.3ms)


Started GET "/" for 127.0.0.1 at 2018-03-26 03:12:18 +0900
Processing by StaticPagesController#home as HTML
  Rendering static_pages/home.html.erb within layouts/application
  Rendered static_pages/home.html.erb within layouts/application (3.0ms)
  Rendered layouts/_shim.html.erb (0.0ms)
  Rendered layouts/_header.html.erb (0.0ms)
  Rendered layouts/_footer.html.erb (0.0ms)
Completed 200 OK in 3196ms (Views: 3171.5ms)


Started GET "/" for 127.0.0.1 at 2018-03-26 03:15:24 +0900
Processing by StaticPagesController#home as HTML
  Rendering static_pages/home.html.erb within layouts/application
  Rendered static_pages/home.html.erb within layouts/application (3.0ms)
  Rendered layouts/_shim.html.erb (0.0ms)
  Rendered layouts/_header.html.erb (1.0ms)
  Rendered layouts/_footer.html.erb (1.0ms)
Completed 200 OK in 163ms (Views: 138.3ms)


Started GET "/" for 127.0.0.1 at 2018-03-26 03:15:28 +0900
Processing by StaticPagesController#home as HTML
  Rendering static_pages/home.html.erb within layouts/application
  Rendered static_pages/home.html.erb within layouts/application (0.0ms)
  Rendered layouts/_shim.html.erb (0.0ms)
  Rendered layouts/_header.html.erb (0.0ms)
  Rendered layouts/_footer.html.erb (0.0ms)
Completed 200 OK in 112ms (Views: 115.8ms)


Started GET "/" for 127.0.0.1 at 2018-03-26 03:15:31 +0900
Processing by StaticPagesController#home as HTML
  Rendering static_pages/home.html.erb within layouts/application
  Rendered static_pages/home.html.erb within layouts/application (0.0ms)
  Rendered layouts/_shim.html.erb (0.0ms)
  Rendered layouts/_header.html.erb (0.0ms)
  Rendered layouts/_footer.html.erb (0.0ms)
Completed 200 OK in 120ms (Views: 116.9ms)


Started GET "/" for 127.0.0.1 at 2018-03-26 03:15:34 +0900
Processing by StaticPagesController#home as HTML
  Rendering static_pages/home.html.erb within layouts/application
  Rendered static_pages/home.html.erb within layouts/application (15.6ms)
  Rendered layouts/_shim.html.erb (0.0ms)
  Rendered layouts/_header.html.erb (0.0ms)
  Rendered layouts/_footer.html.erb (0.0ms)
Completed 200 OK in 127ms (Views: 120.7ms)


Started GET "/" for 127.0.0.1 at 2018-03-26 03:17:51 +0900
Processing by StaticPagesController#home as HTML
  Rendering static_pages/home.html.erb within layouts/application
  Rendered static_pages/home.html.erb within layouts/application (3.0ms)
  Rendered layouts/_shim.html.erb (0.0ms)
  Rendered layouts/_header.html.erb (0.0ms)
  Rendered layouts/_footer.html.erb (1.0ms)
Completed 200 OK in 155ms (Views: 143.1ms)


Started GET "/" for 127.0.0.1 at 2018-03-26 03:17:52 +0900
Processing by StaticPagesController#home as HTML
  Rendering static_pages/home.html.erb within layouts/application
  Rendered static_pages/home.html.erb within layouts/application (0.0ms)
  Rendered layouts/_shim.html.erb (0.0ms)
  Rendered layouts/_header.html.erb (0.0ms)
  Rendered layouts/_footer.html.erb (15.6ms)
Completed 200 OK in 142ms (Views: 129.0ms)


Started GET "/" for 127.0.0.1 at 2018-03-26 03:17:54 +0900
Processing by StaticPagesController#home as HTML
  Rendering static_pages/home.html.erb within layouts/application
  Rendered static_pages/home.html.erb within layouts/application (0.0ms)
  Rendered layouts/_shim.html.erb (0.0ms)
  Rendered layouts/_header.html.erb (0.0ms)
  Rendered layouts/_footer.html.erb (0.0ms)
Completed 200 OK in 135ms (Views: 122.9ms)


Started GET "/" for 127.0.0.1 at 2018-03-26 03:17:55 +0900
Processing by StaticPagesController#home as HTML
  Rendering static_pages/home.html.erb within layouts/application
  Rendered static_pages/home.html.erb within layouts/application (0.0ms)
  Rendered layouts/_shim.html.erb (0.0ms)
  Rendered layouts/_header.html.erb (0.0ms)
  Rendered layouts/_footer.html.erb (0.0ms)
Completed 200 OK in 130ms (Views: 118.0ms)


Started GET "/" for 127.0.0.1 at 2018-03-26 03:17:57 +0900
Processing by StaticPagesController#home as HTML
  Rendering static_pages/home.html.erb within layouts/application
  Rendered static_pages/home.html.erb within layouts/application (3.0ms)
  Rendered layouts/_shim.html.erb (0.0ms)
  Rendered layouts/_header.html.erb (0.0ms)
  Rendered layouts/_footer.html.erb (0.0ms)
Completed 200 OK in 138ms (Views: 126.8ms)


Started GET "/" for 127.0.0.1 at 2018-03-26 03:23:24 +0900
Processing by StaticPagesController#home as HTML
  Rendering static_pages/home.html.erb within layouts/application
  Rendered static_pages/home.html.erb within layouts/application (398.1ms)
  Rendered layouts/_shim.html.erb (0.0ms)
  Rendered layouts/_header.html.erb (1.0ms)
  Rendered layouts/_footer.html.erb (1.0ms)
Completed 200 OK in 828ms (Views: 604.5ms)


Started GET "/" for 127.0.0.1 at 2018-03-26 03:23:27 +0900
Processing by StaticPagesController#home as HTML
  Rendering static_pages/home.html.erb within layouts/application
  Rendered static_pages/home.html.erb within layouts/application (4.0ms)
  Rendered layouts/_shim.html.erb (0.0ms)
  Rendered layouts/_header.html.erb (1.0ms)
  Rendered layouts/_footer.html.erb (0.0ms)
Completed 200 OK in 148ms (Views: 136.9ms)


Started GET "/" for 127.0.0.1 at 2018-03-26 03:23:30 +0900
Processing by StaticPagesController#home as HTML
  Rendering static_pages/home.html.erb within layouts/application
  Rendered static_pages/home.html.erb within layouts/application (15.6ms)
  Rendered layouts/_shim.html.erb (0.0ms)
  Rendered layouts/_header.html.erb (0.0ms)
  Rendered layouts/_footer.html.erb (0.0ms)
Completed 200 OK in 120ms (Views: 120.8ms)


Started GET "/" for 127.0.0.1 at 2018-03-26 03:23:32 +0900
Processing by StaticPagesController#home as HTML
  Rendering static_pages/home.html.erb within layouts/application
  Rendered static_pages/home.html.erb within layouts/application (0.0ms)
  Rendered layouts/_shim.html.erb (0.0ms)
  Rendered layouts/_header.html.erb (0.0ms)
  Rendered layouts/_footer.html.erb (0.0ms)
Completed 200 OK in 134ms (Views: 133.5ms)


Started GET "/" for 127.0.0.1 at 2018-03-26 03:23:34 +0900
Processing by StaticPagesController#home as HTML
  Rendering static_pages/home.html.erb within layouts/application
  Rendered static_pages/home.html.erb within layouts/application (0.0ms)
  Rendered layouts/_shim.html.erb (0.0ms)
  Rendered layouts/_header.html.erb (0.0ms)
  Rendered layouts/_footer.html.erb (0.0ms)
Completed 200 OK in 122ms (Views: 123.7ms)


Started GET "/" for 127.0.0.1 at 2018-03-26 03:23:38 +0900
Processing by StaticPagesController#home as HTML
  Rendering static_pages/home.html.erb within layouts/application
  Rendered static_pages/home.html.erb within layouts/application (0.0ms)
  Rendered layouts/_shim.html.erb (0.0ms)
  Rendered layouts/_header.html.erb (0.0ms)
  Rendered layouts/_footer.html.erb (0.0ms)
Completed 200 OK in 134ms (Views: 129.1ms)


Started GET "/" for 127.0.0.1 at 2018-03-26 03:23:39 +0900
Processing by StaticPagesController#home as HTML
  Rendering static_pages/home.html.erb within layouts/application
  Rendered static_pages/home.html.erb within layouts/application (3.0ms)
  Rendered layouts/_shim.html.erb (0.0ms)
  Rendered layouts/_header.html.erb (0.0ms)
  Rendered layouts/_footer.html.erb (0.0ms)
Completed 200 OK in 123ms (Views: 125.3ms)


Started GET "/" for 127.0.0.1 at 2018-03-26 03:23:40 +0900
Processing by StaticPagesController#home as HTML
  Rendering static_pages/home.html.erb within layouts/application
  Rendered static_pages/home.html.erb within layouts/application (0.0ms)
  Rendered layouts/_shim.html.erb (0.0ms)
  Rendered layouts/_header.html.erb (0.0ms)
  Rendered layouts/_footer.html.erb (0.0ms)
Completed 200 OK in 139ms (Views: 127.7ms)


Started GET "/" for 127.0.0.1 at 2018-03-26 03:25:48 +0900
Processing by StaticPagesController#home as HTML
  Rendering static_pages/home.html.erb within layouts/application
  Rendered static_pages/home.html.erb within layouts/application (5.0ms)
  Rendered layouts/_shim.html.erb (0.0ms)
  Rendered layouts/_header.html.erb (1.0ms)
  Rendered layouts/_footer.html.erb (1.0ms)
Completed 200 OK in 214ms (Views: 197.2ms)


Started GET "/about" for 127.0.0.1 at 2018-03-26 03:25:51 +0900
Processing by StaticPagesController#about as HTML
  Rendering static_pages/about.html.erb within layouts/application
  Rendered static_pages/about.html.erb within layouts/application (0.0ms)
  Rendered layouts/_shim.html.erb (0.0ms)
  Rendered layouts/_header.html.erb (0.0ms)
  Rendered layouts/_footer.html.erb (0.0ms)
Completed 200 OK in 133ms (Views: 121.7ms)


Started GET "/contact" for 127.0.0.1 at 2018-03-26 03:25:56 +0900
Processing by StaticPagesController#contact as HTML
  Rendering static_pages/contact.html.erb within layouts/application
  Rendered static_pages/contact.html.erb within layouts/application (0.0ms)
  Rendered layouts/_shim.html.erb (1.0ms)
  Rendered layouts/_header.html.erb (1.0ms)
  Rendered layouts/_footer.html.erb (0.0ms)
Completed 200 OK in 132ms (Views: 122.8ms)


Started GET "/help" for 127.0.0.1 at 2018-03-26 03:25:57 +0900
Processing by StaticPagesController#help as HTML
  Rendering static_pages/help.html.erb within layouts/application
  Rendered static_pages/help.html.erb within layouts/application (0.0ms)
  Rendered layouts/_shim.html.erb (0.0ms)
  Rendered layouts/_header.html.erb (1.0ms)
  Rendered layouts/_footer.html.erb (0.0ms)
Completed 200 OK in 124ms (Views: 121.6ms)


Started GET "/" for 127.0.0.1 at 2018-03-26 03:25:58 +0900
Processing by StaticPagesController#home as HTML
  Rendering static_pages/home.html.erb within layouts/application
  Rendered static_pages/home.html.erb within layouts/application (15.6ms)
  Rendered layouts/_shim.html.erb (0.0ms)
  Rendered layouts/_header.html.erb (0.0ms)
  Rendered layouts/_footer.html.erb (1.0ms)
Completed 200 OK in 132ms (Views: 117.4ms)


Started GET "/" for 127.0.0.1 at 2018-03-26 03:37:11 +0900
Processing by StaticPagesController#home as HTML
  Rendering static_pages/home.html.erb within layouts/application
  Rendered static_pages/home.html.erb within layouts/application (584.7ms)
  Rendered layouts/_shim.html.erb (0.0ms)
  Rendered layouts/_header.html.erb (0.0ms)
  Rendered layouts/_footer.html.erb (1.0ms)
Completed 200 OK in 1018ms (Views: 811.3ms)


Started GET "/" for 127.0.0.1 at 2018-03-26 03:37:14 +0900
Processing by StaticPagesController#home as HTML
  Rendering static_pages/home.html.erb within layouts/application
  Rendered static_pages/home.html.erb within layouts/application (3.0ms)
  Rendered layouts/_shim.html.erb (0.0ms)
  Rendered layouts/_header.html.erb (1.0ms)
  Rendered layouts/_footer.html.erb (0.0ms)
Completed 200 OK in 156ms (Views: 139.7ms)


Started GET "/signup" for 127.0.0.1 at 2018-03-26 03:37:16 +0900
Processing by UsersController#new as HTML
  Rendering users/new.html.erb within layouts/application
  Rendered users/new.html.erb within layouts/application (0.0ms)
  Rendered layouts/_shim.html.erb (0.0ms)
  Rendered layouts/_header.html.erb (0.0ms)
  Rendered layouts/_footer.html.erb (0.0ms)
Completed 200 OK in 139ms (Views: 132.1ms)


